exit
ls
exit
ip a
exit
vi eth1.network 
ls
ln eth1.network /etc/systemd/network/
systemctl restart network
systemctl restart systemd-networkd
ip a
ping cloudctl.ocp4.braincraft.io
tracepath cloudctl.ocp4.braincraft.io
ip r
dnf update
tracepath cloudctl.ocp4.braincraft.io
clear
ip a
ping 172.30.0.3
ping cloudctl
ping cloudctl.ocp4.braincraft.io
clear
vi eth1.network 
exit
ip link set eth0 dow
ip link set eth0 down
clear
ip a
ip r
ping google.com
clear
ping cloudctl
ping cloudctl.ocp4.braincraft.io
clear
vi eth1.network 
ip a
ifup eth0
reboot
clear
ping cloudctl.ocp4.braincraft.io
ip a
exit
ping cloudctl.ocp4.braincraft.io
clear
ls
cat eth1.network 
ping cloudctl.ocp4.braincraft.io
dnf search tftp
dnf install tftp-server syslinux-tftpboot
clear
systemctl status tftp
systemctl enable --now tftp
ls /tftpboot/
mkdir /tftpboot/pxelinux.cfg
systemctl status tftp
ls /var/lib/tftpboot/
find / -name tftp.service
vi /usr/lib/systemd/system/tftp.service 
systemctl restart tftp
systemctl daemon-reload
systemctl restart tftp
systemctl status tftp
file /tftpboot/lpxelinux.0 
md5sum /tftpboot/lpxelinux.0 
clear
exit
clear
exit
